<!DOCTYPE html PUBLIC "-//W3C//DTD XHTML 1.1//EN" "https://www.w3.org/TR/xhtml11/DTD/xhtml11.dtd">
<html xmlns="https://www.w3.org/1999/xhtml">
<head>
<meta http-equiv="content-type" content="text/html; charset=UTF-8"/>
<title>TestNG Report</title>
<style type="text/css">table {margin-bottom:10px;border-collapse:collapse;empty-cells:show}th,td {border:1px solid #009;padding:.25em .5em}th {vertical-align:bottom}td {vertical-align:top}table a {font-weight:bold}.stripe td {background-color: #E6EBF9}.num {text-align:right}.passedodd td {background-color: #3F3}.passedeven td {background-color: #0A0}.skippedodd td {background-color: #DDD}.skippedeven td {background-color: #CCC}.failedodd td,.attn {background-color: #F33}.failedeven td,.stripe .attn {background-color: #D00}.stacktrace {white-space:pre;font-family:monospace}.totop {font-size:85%;text-align:center;border-bottom:2px solid #000}.invisible {display:none}</style>
</head>
<body>
<table>
<tr><th>Test</th><th># Passed</th><th># Skipped</th><th># Retried</th><th># Failed</th><th>Time (ms)</th><th>Included Groups</th><th>Excluded Groups</th></tr>
<tr><th colspan="8">Hybrid Testing</th></tr>
<tr><td><a href="#t0">Google Gmail Test</a></td><td class="num">0</td><td class="num attn">1</td><td class="num">0</td><td class="num">0</td><td class="num">2,323</td><td></td><td></td></tr>
</table>
<table id='summary'><thead><tr><th>Class</th><th>Method</th><th>Start</th><th>Time (ms)</th></tr></thead><tbody><tr><th colspan="4">Hybrid Testing</th></tr></tbody><tbody id="t0"><tr><th colspan="4">Google Gmail Test &#8212; failed (configuration methods)</th></tr><tr class="failedeven"><td rowspan="1">action_tests.SignIn_Test</td><td><a href="#m0">before</a></td><td rowspan="1">1663088529037</td><td rowspan="1">2179</td></tr><tr><th colspan="4">Google Gmail Test &#8212; skipped (configuration methods)</th></tr><tr class="skippedeven"><td rowspan="1">action_tests.SignIn_Test</td><td><a href="#m1">close</a></td><td rowspan="1">1663088531341</td><td rowspan="1">-1663088531341</td></tr><tr><th colspan="4">Google Gmail Test &#8212; skipped</th></tr><tr class="skippedeven"><td rowspan="1">action_tests.SignIn_Test</td><td><a href="#m2">test_signIn</a></td><td rowspan="1">1663088531315</td><td rowspan="1">0</td></tr></tbody>
</table>
<h2>Google Gmail Test</h2><h3 id="m0">action_tests.SignIn_Test#before</h3><table class="result"><tr class="param"><th>Parameter #1</th><th>Parameter #2</th></tr><tr class="param stripe"><td>google</td><td>mozzila</td></tr><tr><th colspan="2">Exception</th></tr><tr><td colspan="2"><div class="stacktrace">org.openqa.selenium.SessionNotCreatedException: session not created: No matching capabilities found
Build info: version: &apos;3.141.59&apos;, revision: &apos;e82be7d358&apos;, time: &apos;2018-11-14T08:25:48&apos;
System info: host: &apos;KSB&apos;, ip: &apos;10.210.74.109&apos;, os.name: &apos;Windows 10&apos;, os.arch: &apos;amd64&apos;, os.version: &apos;10.0&apos;, java.version: &apos;17.0.4.1&apos;
Driver info: driver.version: FirefoxDriver
remote stacktrace: Backtrace:
	Ordinal0 [0x00388823+2197539]
	Ordinal0 [0x00320911+1771793]
	Ordinal0 [0x00233FE8+802792]
	Ordinal0 [0x002816EF+1119983]
	Ordinal0 [0x00280D89+1117577]
	Ordinal0 [0x00282075+1122421]
	Ordinal0 [0x00281EBA+1121978]
	Ordinal0 [0x0027D476+1102966]
	Ordinal0 [0x00257660+947808]
	Ordinal0 [0x00258556+951638]
	GetHandleVerifier [0x00631A32+2740578]
	GetHandleVerifier [0x00623776+2682534]
	GetHandleVerifier [0x0041307A+518058]
	GetHandleVerifier [0x00412196+514246]
	Ordinal0 [0x00327ADB+1800923]
	Ordinal0 [0x0032C2E8+1819368]
	Ordinal0 [0x0032C3D5+1819605]
	Ordinal0 [0x00335810+1857552]
	BaseThreadInitThunk [0x7629FA29+25]
	RtlGetAppContainerNamedObjectPath [0x77147A9E+286]
	RtlGetAppContainerNamedObjectPath [0x77147A6E+238]

	at org.openqa.selenium.remote.W3CHandshakeResponse.lambda$errorHandler$0(W3CHandshakeResponse.java:62)
	at org.openqa.selenium.remote.HandshakeResponse.lambda$getResponseFunction$0(HandshakeResponse.java:30)
	at org.openqa.selenium.remote.ProtocolHandshake.lambda$createSession$0(ProtocolHandshake.java:126)
	at java.base/java.util.stream.ReferencePipeline$3$1.accept(ReferencePipeline.java:197)
	at java.base/java.util.Spliterators$ArraySpliterator.tryAdvance(Spliterators.java:1002)
	at java.base/java.util.stream.ReferencePipeline.forEachWithCancel(ReferencePipeline.java:129)
	at java.base/java.util.stream.AbstractPipeline.copyIntoWithCancel(AbstractPipeline.java:527)
	at java.base/java.util.stream.AbstractPipeline.copyInto(AbstractPipeline.java:513)
	at java.base/java.util.stream.AbstractPipeline.wrapAndCopyInto(AbstractPipeline.java:499)
	at java.base/java.util.stream.FindOps$FindOp.evaluateSequential(FindOps.java:150)
	at java.base/java.util.stream.AbstractPipeline.evaluate(AbstractPipeline.java:234)
	at java.base/java.util.stream.ReferencePipeline.findFirst(ReferencePipeline.java:647)
	at org.openqa.selenium.remote.ProtocolHandshake.createSession(ProtocolHandshake.java:128)
	at org.openqa.selenium.remote.ProtocolHandshake.createSession(ProtocolHandshake.java:74)
	at org.openqa.selenium.remote.HttpCommandExecutor.execute(HttpCommandExecutor.java:136)
	at org.openqa.selenium.remote.service.DriverCommandExecutor.execute(DriverCommandExecutor.java:83)
	at org.openqa.selenium.remote.RemoteWebDriver.execute(RemoteWebDriver.java:552)
	at org.openqa.selenium.remote.RemoteWebDriver.startSession(RemoteWebDriver.java:213)
	at org.openqa.selenium.remote.RemoteWebDriver.&lt;init&gt;(RemoteWebDriver.java:131)
	at org.openqa.selenium.firefox.FirefoxDriver.&lt;init&gt;(FirefoxDriver.java:147)
	at org.openqa.selenium.firefox.FirefoxDriver.&lt;init&gt;(FirefoxDriver.java:125)
	at base_library1.Base_Library1.launch_Url(Base_Library1.java:26)
	at action_tests.SignIn_Test.before(SignIn_Test.java:20)
	at java.base/java.util.concurrent.FutureTask.run(FutureTask.java:264)
	at java.base/java.util.concurrent.ThreadPoolExecutor.runWorker(ThreadPoolExecutor.java:1136)
	at java.base/java.util.concurrent.ThreadPoolExecutor$Worker.run(ThreadPoolExecutor.java:635)
	at java.base/java.lang.Thread.run(Thread.java:833)
... Removed 20 stack frames</div></td></tr></table><p class="totop"><a href="#summary">back to summary</a></p>
<h3 id="m1">action_tests.SignIn_Test#close</h3><table class="result"><tr><th class="invisible"/></tr></table><p class="totop"><a href="#summary">back to summary</a></p>
<h3 id="m2">action_tests.SignIn_Test#test_signIn</h3><table class="result"><tr><th>Exception</th></tr><tr><td><div class="stacktrace">org.openqa.selenium.SessionNotCreatedException: session not created: No matching capabilities found
Build info: version: &apos;3.141.59&apos;, revision: &apos;e82be7d358&apos;, time: &apos;2018-11-14T08:25:48&apos;
System info: host: &apos;KSB&apos;, ip: &apos;10.210.74.109&apos;, os.name: &apos;Windows 10&apos;, os.arch: &apos;amd64&apos;, os.version: &apos;10.0&apos;, java.version: &apos;17.0.4.1&apos;
Driver info: driver.version: FirefoxDriver
remote stacktrace: Backtrace:
	Ordinal0 [0x00388823+2197539]
	Ordinal0 [0x00320911+1771793]
	Ordinal0 [0x00233FE8+802792]
	Ordinal0 [0x002816EF+1119983]
	Ordinal0 [0x00280D89+1117577]
	Ordinal0 [0x00282075+1122421]
	Ordinal0 [0x00281EBA+1121978]
	Ordinal0 [0x0027D476+1102966]
	Ordinal0 [0x00257660+947808]
	Ordinal0 [0x00258556+951638]
	GetHandleVerifier [0x00631A32+2740578]
	GetHandleVerifier [0x00623776+2682534]
	GetHandleVerifier [0x0041307A+518058]
	GetHandleVerifier [0x00412196+514246]
	Ordinal0 [0x00327ADB+1800923]
	Ordinal0 [0x0032C2E8+1819368]
	Ordinal0 [0x0032C3D5+1819605]
	Ordinal0 [0x00335810+1857552]
	BaseThreadInitThunk [0x7629FA29+25]
	RtlGetAppContainerNamedObjectPath [0x77147A9E+286]
	RtlGetAppContainerNamedObjectPath [0x77147A6E+238]

	at org.openqa.selenium.remote.W3CHandshakeResponse.lambda$errorHandler$0(W3CHandshakeResponse.java:62)
	at org.openqa.selenium.remote.HandshakeResponse.lambda$getResponseFunction$0(HandshakeResponse.java:30)
	at org.openqa.selenium.remote.ProtocolHandshake.lambda$createSession$0(ProtocolHandshake.java:126)
	at java.base/java.util.stream.ReferencePipeline$3$1.accept(ReferencePipeline.java:197)
	at java.base/java.util.Spliterators$ArraySpliterator.tryAdvance(Spliterators.java:1002)
	at java.base/java.util.stream.ReferencePipeline.forEachWithCancel(ReferencePipeline.java:129)
	at java.base/java.util.stream.AbstractPipeline.copyIntoWithCancel(AbstractPipeline.java:527)
	at java.base/java.util.stream.AbstractPipeline.copyInto(AbstractPipeline.java:513)
	at java.base/java.util.stream.AbstractPipeline.wrapAndCopyInto(AbstractPipeline.java:499)
	at java.base/java.util.stream.FindOps$FindOp.evaluateSequential(FindOps.java:150)
	at java.base/java.util.stream.AbstractPipeline.evaluate(AbstractPipeline.java:234)
	at java.base/java.util.stream.ReferencePipeline.findFirst(ReferencePipeline.java:647)
	at org.openqa.selenium.remote.ProtocolHandshake.createSession(ProtocolHandshake.java:128)
	at org.openqa.selenium.remote.ProtocolHandshake.createSession(ProtocolHandshake.java:74)
	at org.openqa.selenium.remote.HttpCommandExecutor.execute(HttpCommandExecutor.java:136)
	at org.openqa.selenium.remote.service.DriverCommandExecutor.execute(DriverCommandExecutor.java:83)
	at org.openqa.selenium.remote.RemoteWebDriver.execute(RemoteWebDriver.java:552)
	at org.openqa.selenium.remote.RemoteWebDriver.startSession(RemoteWebDriver.java:213)
	at org.openqa.selenium.remote.RemoteWebDriver.&lt;init&gt;(RemoteWebDriver.java:131)
	at org.openqa.selenium.firefox.FirefoxDriver.&lt;init&gt;(FirefoxDriver.java:147)
	at org.openqa.selenium.firefox.FirefoxDriver.&lt;init&gt;(FirefoxDriver.java:125)
	at base_library1.Base_Library1.launch_Url(Base_Library1.java:26)
	at action_tests.SignIn_Test.before(SignIn_Test.java:20)
	at java.base/java.util.concurrent.FutureTask.run(FutureTask.java:264)
	at java.base/java.util.concurrent.ThreadPoolExecutor.runWorker(ThreadPoolExecutor.java:1136)
	at java.base/java.util.concurrent.ThreadPoolExecutor$Worker.run(ThreadPoolExecutor.java:635)
	at java.base/java.lang.Thread.run(Thread.java:833)
... Removed 20 stack frames</div></td></tr></table><p class="totop"><a href="#summary">back to summary</a></p>
</body>
</html>
