<?xml version="1.0" encoding="UTF-8"?>
<!-- Generated by org.testng.reporters.JUnitReportReporter -->
<testsuite hostname="KSB" failures="0" tests="2" name="action_tests.SignIn_Test" time="2.179" errors="1" timestamp="2022-09-13T22:32:11 IST" skipped="1">
  <testcase classname="action_tests.SignIn_Test" name="before" time="2.179">
    <error message="session not created: No matching capabilities found
Build info: version: &#039;3.141.59&#039;, revision: &#039;e82be7d358&#039;, time: &#039;2018-11-14T08:25:48&#039;
System info: host: &#039;KSB&#039;, ip: &#039;10.210.74.109&#039;, os.name: &#039;Windows 10&#039;, os.arch: &#039;amd64&#039;, os.version: &#039;10.0&#039;, java.version: &#039;17.0.4.1&#039;
Driver info: driver.version: FirefoxDriver
remote stacktrace: Backtrace:
	Ordinal0 [0x00388823+2197539]
	Ordinal0 [0x00320911+1771793]
	Ordinal0 [0x00233FE8+802792]
	Ordinal0 [0x002816EF+1119983]
	Ordinal0 [0x00280D89+1117577]
	Ordinal0 [0x00282075+1122421]
	Ordinal0 [0x00281EBA+1121978]
	Ordinal0 [0x0027D476+1102966]
	Ordinal0 [0x00257660+947808]
	Ordinal0 [0x00258556+951638]
	GetHandleVerifier [0x00631A32+2740578]
	GetHandleVerifier [0x00623776+2682534]
	GetHandleVerifier [0x0041307A+518058]
	GetHandleVerifier [0x00412196+514246]
	Ordinal0 [0x00327ADB+1800923]
	Ordinal0 [0x0032C2E8+1819368]
	Ordinal0 [0x0032C3D5+1819605]
	Ordinal0 [0x00335810+1857552]
	BaseThreadInitThunk [0x7629FA29+25]
	RtlGetAppContainerNamedObjectPath [0x77147A9E+286]
	RtlGetAppContainerNamedObjectPath [0x77147A6E+238]
" type="org.openqa.selenium.SessionNotCreatedException">
      <![CDATA[org.openqa.selenium.SessionNotCreatedException: session not created: No matching capabilities found
Build info: version: '3.141.59', revision: 'e82be7d358', time: '2018-11-14T08:25:48'
System info: host: 'KSB', ip: '10.210.74.109', os.name: 'Windows 10', os.arch: 'amd64', os.version: '10.0', java.version: '17.0.4.1'
Driver info: driver.version: FirefoxDriver
remote stacktrace: Backtrace:
Ordinal0 [0x00388823+2197539]
Ordinal0 [0x00320911+1771793]
Ordinal0 [0x00233FE8+802792]
Ordinal0 [0x002816EF+1119983]
Ordinal0 [0x00280D89+1117577]
Ordinal0 [0x00282075+1122421]
Ordinal0 [0x00281EBA+1121978]
Ordinal0 [0x0027D476+1102966]
Ordinal0 [0x00257660+947808]
Ordinal0 [0x00258556+951638]
GetHandleVerifier [0x00631A32+2740578]
GetHandleVerifier [0x00623776+2682534]
GetHandleVerifier [0x0041307A+518058]
GetHandleVerifier [0x00412196+514246]
Ordinal0 [0x00327ADB+1800923]
Ordinal0 [0x0032C2E8+1819368]
Ordinal0 [0x0032C3D5+1819605]
Ordinal0 [0x00335810+1857552]
BaseThreadInitThunk [0x7629FA29+25]
RtlGetAppContainerNamedObjectPath [0x77147A9E+286]
RtlGetAppContainerNamedObjectPath [0x77147A6E+238]

at java.base/jdk.internal.reflect.NativeConstructorAccessorImpl.newInstance0(Native Method)
at java.base/jdk.internal.reflect.NativeConstructorAccessorImpl.newInstance(NativeConstructorAccessorImpl.java:77)
at java.base/jdk.internal.reflect.DelegatingConstructorAccessorImpl.newInstance(DelegatingConstructorAccessorImpl.java:45)
at java.base/java.lang.reflect.Constructor.newInstanceWithCaller(Constructor.java:499)
at java.base/java.lang.reflect.Constructor.newInstance(Constructor.java:480)
at org.openqa.selenium.remote.W3CHandshakeResponse.lambda$errorHandler$0(W3CHandshakeResponse.java:62)
at org.openqa.selenium.remote.HandshakeResponse.lambda$getResponseFunction$0(HandshakeResponse.java:30)
at org.openqa.selenium.remote.ProtocolHandshake.lambda$createSession$0(ProtocolHandshake.java:126)
at java.base/java.util.stream.ReferencePipeline$3$1.accept(ReferencePipeline.java:197)
at java.base/java.util.Spliterators$ArraySpliterator.tryAdvance(Spliterators.java:1002)
at java.base/java.util.stream.ReferencePipeline.forEachWithCancel(ReferencePipeline.java:129)
at java.base/java.util.stream.AbstractPipeline.copyIntoWithCancel(AbstractPipeline.java:527)
at java.base/java.util.stream.AbstractPipeline.copyInto(AbstractPipeline.java:513)
at java.base/java.util.stream.AbstractPipeline.wrapAndCopyInto(AbstractPipeline.java:499)
at java.base/java.util.stream.FindOps$FindOp.evaluateSequential(FindOps.java:150)
at java.base/java.util.stream.AbstractPipeline.evaluate(AbstractPipeline.java:234)
at java.base/java.util.stream.ReferencePipeline.findFirst(ReferencePipeline.java:647)
at org.openqa.selenium.remote.ProtocolHandshake.createSession(ProtocolHandshake.java:128)
at org.openqa.selenium.remote.ProtocolHandshake.createSession(ProtocolHandshake.java:74)
at org.openqa.selenium.remote.HttpCommandExecutor.execute(HttpCommandExecutor.java:136)
at org.openqa.selenium.remote.service.DriverCommandExecutor.execute(DriverCommandExecutor.java:83)
at org.openqa.selenium.remote.RemoteWebDriver.execute(RemoteWebDriver.java:552)
at org.openqa.selenium.remote.RemoteWebDriver.startSession(RemoteWebDriver.java:213)
at org.openqa.selenium.remote.RemoteWebDriver.<init>(RemoteWebDriver.java:131)
at org.openqa.selenium.firefox.FirefoxDriver.<init>(FirefoxDriver.java:147)
at org.openqa.selenium.firefox.FirefoxDriver.<init>(FirefoxDriver.java:125)
at base_library1.Base_Library1.launch_Url(Base_Library1.java:26)
at action_tests.SignIn_Test.before(SignIn_Test.java:20)
at java.base/jdk.internal.reflect.NativeMethodAccessorImpl.invoke0(Native Method)
at java.base/jdk.internal.reflect.NativeMethodAccessorImpl.invoke(NativeMethodAccessorImpl.java:77)
at java.base/jdk.internal.reflect.DelegatingMethodAccessorImpl.invoke(DelegatingMethodAccessorImpl.java:43)
at java.base/java.lang.reflect.Method.invoke(Method.java:568)
at org.testng.internal.MethodInvocationHelper.invokeMethod(MethodInvocationHelper.java:133)
at org.testng.internal.MethodInvocationHelper.invokeMethodConsideringTimeout(MethodInvocationHelper.java:62)
at org.testng.internal.ConfigInvoker.invokeConfigurationMethod(ConfigInvoker.java:385)
at org.testng.internal.ConfigInvoker.invokeConfigurations(ConfigInvoker.java:321)
at org.testng.TestRunner.invokeTestConfigurations(TestRunner.java:637)
at org.testng.TestRunner.beforeRun(TestRunner.java:627)
at org.testng.TestRunner.run(TestRunner.java:589)
at org.testng.SuiteRunner.runTest(SuiteRunner.java:377)
at org.testng.SuiteRunner.access$000(SuiteRunner.java:28)
at org.testng.SuiteRunner$SuiteWorker.run(SuiteRunner.java:418)
at org.testng.internal.thread.ThreadUtil.lambda$execute$0(ThreadUtil.java:64)
at java.base/java.util.concurrent.FutureTask.run(FutureTask.java:264)
at java.base/java.util.concurrent.ThreadPoolExecutor.runWorker(ThreadPoolExecutor.java:1136)
at java.base/java.util.concurrent.ThreadPoolExecutor$Worker.run(ThreadPoolExecutor.java:635)
at java.base/java.lang.Thread.run(Thread.java:833)
]]>
    </error>
  </testcase> <!-- before -->
  <system-out/>
  <testcase classname="action_tests.SignIn_Test" name="test_signIn" time="0.000">
    <skipped/>
  </testcase> <!-- test_signIn -->
  <system-out/>
</testsuite> <!-- action_tests.SignIn_Test -->
